============================= test session starts =============================
platform win32 -- Python 3.13.11, pytest-9.0.2, pluggy-1.5.0 -- C:\Users\raver\scoop\apps\miniconda3\current\python.exe
cachedir: .pytest_cache
rootdir: C:\Users\raver\.gemini\antigravity\scratch\voxtral_pod
plugins: anyio-4.12.1
collecting ... collected 22 items / 1 error

=================================== ERRORS ====================================
________________ ERROR collecting tests/test_state_jobs_db.py _________________
ImportError while importing test module 'C:\Users\raver\.gemini\antigravity\scratch\voxtral_pod\tests\test_state_jobs_db.py'.
Hint: make sure your test modules/packages have valid Python names.
Traceback:
..\..\..\..\scoop\apps\miniconda3\current\Lib\importlib\__init__.py:88: in import_module
    return _bootstrap._gcd_import(name[level:], package, level)
           ^^^^^^^^^^^^^^^^^^^^^^^^^^^^^^^^^^^^^^^^^^^^^^^^^^^^
tests\test_state_jobs_db.py:4: in <module>
    from backend.state import add_job, jobs_db, JOBS_DB_MAX_SIZE
E   ImportError: cannot import name 'jobs_db' from 'backend.state' (C:\Users\raver\.gemini\antigravity\scratch\voxtral_pod\backend\state.py)
============================== warnings summary ===============================
backend\main.py:69
  C:\Users\raver\.gemini\antigravity\scratch\voxtral_pod\backend\main.py:69: DeprecationWarning: 
          on_event is deprecated, use lifespan event handlers instead.
  
          Read more about it in the
          [FastAPI docs for Lifespan Events](https://fastapi.tiangolo.com/advanced/events/).
          
    @app.on_event("startup")

..\..\..\..\scoop\apps\miniconda3\current\Lib\site-packages\fastapi\applications.py:4598
  C:\Users\raver\scoop\apps\miniconda3\current\Lib\site-packages\fastapi\applications.py:4598: DeprecationWarning: 
          on_event is deprecated, use lifespan event handlers instead.
  
          Read more about it in the
          [FastAPI docs for Lifespan Events](https://fastapi.tiangolo.com/advanced/events/).
          
    return self.router.on_event(event_type)  # ty: ignore[deprecated]

-- Docs: https://docs.pytest.org/en/stable/how-to/capture-warnings.html
=========================== short test summary info ===========================
ERROR tests/test_state_jobs_db.py
!!!!!!!!!!!!!!!!!!! Interrupted: 1 error during collection !!!!!!!!!!!!!!!!!!!!
======================== 2 warnings, 1 error in 3.51s =========================
